[debug] [2021-03-03T06:55:22.386Z] ----------------------------------------------------------------------
[debug] [2021-03-03T06:55:22.403Z] Command:       C:\Program Files\nodejs\node.exe C:\Users\Harry\AppData\Roaming\npm\node_modules\firebase-tools\lib\bin\firebase.js serve --only hosting
[debug] [2021-03-03T06:55:22.406Z] CLI Version:   9.5.0
[debug] [2021-03-03T06:55:22.406Z] Platform:      win32
[debug] [2021-03-03T06:55:22.407Z] Node Version:  v14.15.4
[debug] [2021-03-03T06:55:22.418Z] Time:          Wed Mar 03 2021 14:55:22 GMT+0800 (台北標準時間)
[debug] [2021-03-03T06:55:22.419Z] ----------------------------------------------------------------------
[debug] [2021-03-03T06:55:22.419Z] 
[debug] [2021-03-03T06:55:22.457Z] > command requires scopes: ["email","openid","https://www.googleapis.com/auth/cloudplatformprojects.readonly","https://www.googleapis.com/auth/firebase","https://www.googleapis.com/auth/cloud-platform"]
[debug] [2021-03-03T06:55:22.462Z] > authorizing via signed-in user
[debug] [2021-03-03T06:55:22.463Z] [iam] checking project my-crud-app-63c3f for permissions ["firebase.projects.get"]
[debug] [2021-03-03T06:55:22.472Z] >>> HTTP REQUEST POST https://cloudresourcemanager.googleapis.com/v1/projects/my-crud-app-63c3f:testIamPermissions  
 {"permissions":["firebase.projects.get"]}
[debug] [2021-03-03T06:55:23.470Z] <<< HTTP RESPONSE 200 {"content-type":"application/json; charset=UTF-8","vary":"X-Origin, Referer, Origin,Accept-Encoding","date":"Wed, 03 Mar 2021 06:55:20 GMT","server":"ESF","cache-control":"private","x-xss-protection":"0","x-frame-options":"SAMEORIGIN","x-content-type-options":"nosniff","server-timing":"gfet4t7; dur=775","alt-svc":"h3-29=\":443\"; ma=2592000,h3-T051=\":443\"; ma=2592000,h3-Q050=\":443\"; ma=2592000,h3-Q046=\":443\"; ma=2592000,h3-Q043=\":443\"; ma=2592000,quic=\":443\"; ma=2592000; v=\"46,43\"","accept-ranges":"none","transfer-encoding":"chunked"}
[debug] [2021-03-03T06:55:23.485Z] > refreshing access token with scopes: []
[debug] [2021-03-03T06:55:23.487Z] >>> HTTP REQUEST POST https://www.googleapis.com/oauth2/v3/token  
 <request body omitted>
[debug] [2021-03-03T06:55:23.614Z] <<< HTTP RESPONSE 200 {"cache-control":"no-cache, no-store, max-age=0, must-revalidate","pragma":"no-cache","expires":"Mon, 01 Jan 1990 00:00:00 GMT","date":"Wed, 03 Mar 2021 06:55:20 GMT","content-type":"application/json; charset=utf-8","vary":"X-Origin, Referer, Origin,Accept-Encoding","server":"scaffolding on HTTPServer2","x-xss-protection":"0","x-frame-options":"SAMEORIGIN","x-content-type-options":"nosniff","alt-svc":"h3-29=\":443\"; ma=2592000,h3-T051=\":443\"; ma=2592000,h3-Q050=\":443\"; ma=2592000,h3-Q046=\":443\"; ma=2592000,h3-Q043=\":443\"; ma=2592000,quic=\":443\"; ma=2592000; v=\"46,43\"","accept-ranges":"none","transfer-encoding":"chunked"}
[debug] [2021-03-03T06:55:23.695Z] >>> [apiv2][query] GET https://firebase.googleapis.com/v1beta1/projects/my-crud-app-63c3f [none]
[debug] [2021-03-03T06:55:24.775Z] <<< [apiv2][status] GET https://firebase.googleapis.com/v1beta1/projects/my-crud-app-63c3f 200
[debug] [2021-03-03T06:55:24.776Z] <<< [apiv2][body] GET https://firebase.googleapis.com/v1beta1/projects/my-crud-app-63c3f {"projectId":"my-crud-app-63c3f","projectNumber":"324674599831","displayName":"My CRUD app","name":"projects/my-crud-app-63c3f","resources":{"hostingSite":"my-crud-app-63c3f","realtimeDatabaseInstance":"my-crud-app-63c3f-default-rtdb","storageBucket":"my-crud-app-63c3f.appspot.com","locationId":"us-central"},"state":"ACTIVE"}
[debug] [2021-03-03T06:55:24.782Z] >>> [apiv2][query] GET https://firebase.googleapis.com/v1beta1/projects/my-crud-app-63c3f/webApps/-/config [none]
[debug] [2021-03-03T06:55:26.079Z] <<< [apiv2][status] GET https://firebase.googleapis.com/v1beta1/projects/my-crud-app-63c3f/webApps/-/config 200
[debug] [2021-03-03T06:55:26.080Z] <<< [apiv2][body] GET https://firebase.googleapis.com/v1beta1/projects/my-crud-app-63c3f/webApps/-/config {"projectId":"my-crud-app-63c3f","appId":"1:324674599831:web:e4106886c3398c61dc22d2","databaseURL":"https://my-crud-app-63c3f-default-rtdb.firebaseio.com","storageBucket":"my-crud-app-63c3f.appspot.com","locationId":"us-central","apiKey":"AIzaSyCDljgyjcVvZwM4AkU9PNrPuCcyv9cleC8","authDomain":"my-crud-app-63c3f.firebaseapp.com","messagingSenderId":"324674599831","measurementId":"G-DVDQJ2YWLS"}
[info] i  hosting: Serving hosting files from: ‪D:\Angular\MyCRUDapp {"metadata":{"emulator":{"name":"hosting"},"message":"Serving hosting files from: \u001b[1m‪D:\\Angular\\MyCRUDapp\u001b[22m"}}
[info] +  hosting: Local server: http://localhost:5000 {"metadata":{"emulator":{"name":"hosting"},"message":"Local server: \u001b[4m\u001b[1mhttp://localhost:5000\u001b[22m\u001b[24m"}}
[info] i  hosting: 127.0.0.1 - - [03/Mar/2021:06:57:02 +0000] "GET / HTTP/1.1" 404 139 "-" "Mozilla/5.0 (Windows NT 10.0; Win64; x64) AppleWebKit/537.36 (KHTML, like Gecko) Chrome/88.0.4324.182 Safari/537.36 Edg/88.0.705.81" {"metadata":{"emulator":{"name":"hosting"},"message":"127.0.0.1 - - [03/Mar/2021:06:57:02 +0000] \"GET / HTTP/1.1\" 404 139 \"-\" \"Mozilla/5.0 (Windows NT 10.0; Win64; x64) AppleWebKit/537.36 (KHTML, like Gecko) Chrome/88.0.4324.182 Safari/537.36 Edg/88.0.705.81\""}}
